2024-11-24 20:19:48 INFO  c.e.s.SoftwareLoggingAppApplication - Starting SoftwareLoggingAppApplication using Java 23.0.1 with PID 11875 (/home/abderrahim/IdeaProjects/SoftwareLoggingApp/target/classes started by abderrahim in /home/abderrahim/IdeaProjects/SoftwareLoggingApp)
2024-11-24 20:19:48 DEBUG c.e.s.SoftwareLoggingAppApplication - Running with Spring Boot v3.3.5, Spring v6.1.14
2024-11-24 20:19:48 INFO  c.e.s.SoftwareLoggingAppApplication - No active profile set, falling back to 1 default profile: "default"
2024-11-24 20:19:48 INFO  c.e.s.SoftwareLoggingAppApplication - Started SoftwareLoggingAppApplication in 0.139 seconds (process running for 190.767)
2024-11-24 20:19:58 INFO  c.e.s.SoftwareLoggingAppApplication - Starting SoftwareLoggingAppApplication using Java 23.0.1 with PID 13212 (/home/abderrahim/IdeaProjects/SoftwareLoggingApp/target/classes started by abderrahim in /home/abderrahim/IdeaProjects/SoftwareLoggingApp)
2024-11-24 20:19:58 DEBUG c.e.s.SoftwareLoggingAppApplication - Running with Spring Boot v3.3.5, Spring v6.1.14
2024-11-24 20:19:58 INFO  c.e.s.SoftwareLoggingAppApplication - No active profile set, falling back to 1 default profile: "default"
2024-11-24 20:19:59 INFO  c.e.s.SoftwareLoggingAppApplication - Started SoftwareLoggingAppApplication in 1.1 seconds (process running for 1.425)
2024-11-24 20:27:07 INFO  c.e.s.SoftwareLoggingAppApplication - Starting SoftwareLoggingAppApplication using Java 23.0.1 with PID 13212 (/home/abderrahim/IdeaProjects/SoftwareLoggingApp/target/classes started by abderrahim in /home/abderrahim/IdeaProjects/SoftwareLoggingApp)
2024-11-24 20:27:07 INFO  c.e.s.SoftwareLoggingAppApplication - Starting SoftwareLoggingAppApplication using Java 23.0.1 with PID 13212 (/home/abderrahim/IdeaProjects/SoftwareLoggingApp/target/classes started by abderrahim in /home/abderrahim/IdeaProjects/SoftwareLoggingApp)
2024-11-24 20:27:07 DEBUG c.e.s.SoftwareLoggingAppApplication - Running with Spring Boot v3.3.5, Spring v6.1.14
2024-11-24 20:27:07 DEBUG c.e.s.SoftwareLoggingAppApplication - Running with Spring Boot v3.3.5, Spring v6.1.14
2024-11-24 20:27:07 INFO  c.e.s.SoftwareLoggingAppApplication - No active profile set, falling back to 1 default profile: "default"
2024-11-24 20:27:07 INFO  c.e.s.SoftwareLoggingAppApplication - No active profile set, falling back to 1 default profile: "default"
2024-11-24 20:27:07 INFO  o.s.d.r.c.RepositoryConfigurationDelegate - Bootstrapping Spring Data MongoDB repositories in DEFAULT mode.
2024-11-24 20:27:07 INFO  o.s.d.r.c.RepositoryConfigurationDelegate - Finished Spring Data repository scanning in 3 ms. Found 2 MongoDB repository interfaces.
2024-11-24 20:27:07 INFO  o.s.b.w.e.tomcat.TomcatWebServer - Tomcat initialized with port 8080 (http)
2024-11-24 20:27:07 INFO  o.a.coyote.http11.Http11NioProtocol - Initializing ProtocolHandler ["http-nio-8080"]
2024-11-24 20:27:07 INFO  o.a.catalina.core.StandardService - Starting service [Tomcat]
2024-11-24 20:27:07 INFO  o.a.catalina.core.StandardEngine - Starting Servlet engine: [Apache Tomcat/10.1.31]
2024-11-24 20:27:07 INFO  o.a.c.c.C.[Tomcat].[localhost].[/] - Initializing Spring embedded WebApplicationContext
2024-11-24 20:27:07 INFO  o.s.b.w.s.c.ServletWebServerApplicationContext - Root WebApplicationContext: initialization completed in 99 ms
2024-11-24 20:27:07 INFO  org.mongodb.driver.client - MongoClient with metadata {"driver": {"name": "mongo-java-driver|sync|spring-boot", "version": "5.0.1"}, "os": {"type": "Linux", "name": "Linux", "architecture": "amd64", "version": "6.8.0-49-generic"}, "platform": "Java/Oracle Corporation/23.0.1+11-39"} created with settings MongoClientSettings{readPreference=primary, writeConcern=WriteConcern{w=null, wTimeout=null ms, journal=null}, retryWrites=true, retryReads=true, readConcern=ReadConcern{level=null}, credential=null, transportSettings=null, commandListeners=[], codecRegistry=ProvidersCodecRegistry{codecProviders=[ValueCodecProvider{}, BsonValueCodecProvider{}, DBRefCodecProvider{}, DBObjectCodecProvider{}, DocumentCodecProvider{}, CollectionCodecProvider{}, IterableCodecProvider{}, MapCodecProvider{}, GeoJsonCodecProvider{}, GridFSFileCodecProvider{}, Jsr310CodecProvider{}, JsonObjectCodecProvider{}, BsonCodecProvider{}, EnumCodecProvider{}, com.mongodb.client.model.mql.ExpressionCodecProvider@1c13a18d, com.mongodb.Jep395RecordCodecProvider@1b46f576, com.mongodb.KotlinCodecProvider@5f565f64]}, loggerSettings=LoggerSettings{maxDocumentLength=1000}, clusterSettings={hosts=[localhost:27017], srvServiceName=mongodb, mode=SINGLE, requiredClusterType=UNKNOWN, requiredReplicaSetName='null', serverSelector='null', clusterListeners='[]', serverSelectionTimeout='30000 ms', localThreshold='15 ms'}, socketSettings=SocketSettings{connectTimeoutMS=10000, readTimeoutMS=0, receiveBufferSize=0, proxySettings=ProxySettings{host=null, port=null, username=null, password=null}}, heartbeatSocketSettings=SocketSettings{connectTimeoutMS=10000, readTimeoutMS=10000, receiveBufferSize=0, proxySettings=ProxySettings{host=null, port=null, username=null, password=null}}, connectionPoolSettings=ConnectionPoolSettings{maxSize=100, minSize=0, maxWaitTimeMS=120000, maxConnectionLifeTimeMS=0, maxConnectionIdleTimeMS=0, maintenanceInitialDelayMS=0, maintenanceFrequencyMS=60000, connectionPoolListeners=[], maxConnecting=2}, serverSettings=ServerSettings{heartbeatFrequencyMS=10000, minHeartbeatFrequencyMS=500, serverListeners='[]', serverMonitorListeners='[]'}, sslSettings=SslSettings{enabled=false, invalidHostNameAllowed=false, context=null}, applicationName='null', compressorList=[], uuidRepresentation=JAVA_LEGACY, serverApi=null, autoEncryptionSettings=null, dnsClient=null, inetAddressResolver=null, contextProvider=null}
2024-11-24 20:27:07 INFO  org.mongodb.driver.cluster - Monitor thread successfully connected to server with description ServerDescription{address=localhost:27017, type=STANDALONE, state=CONNECTED, ok=true, minWireVersion=0, maxWireVersion=25, maxDocumentSize=16777216, logicalSessionTimeoutMinutes=30, roundTripTimeNanos=1034644}
2024-11-24 20:27:07 INFO  o.s.b.d.a.OptionalLiveReloadServer - LiveReload server is running on port 35729
2024-11-24 20:27:07 INFO  o.a.coyote.http11.Http11NioProtocol - Starting ProtocolHandler ["http-nio-8080"]
2024-11-24 20:27:07 INFO  o.s.b.w.e.tomcat.TomcatWebServer - Tomcat started on port 8080 (http) with context path '/'
2024-11-24 20:27:07 INFO  c.e.s.SoftwareLoggingAppApplication - Started SoftwareLoggingAppApplication in 0.198 seconds (process running for 429.357)
2024-11-24 20:27:07 INFO  c.e.s.SoftwareLoggingAppApplication - Started SoftwareLoggingAppApplication in 0.198 seconds (process running for 429.357)
2024-11-24 20:27:39 INFO  c.e.s.SoftwareLoggingAppApplication - Starting SoftwareLoggingAppApplication using Java 23.0.1 with PID 15035 (/home/abderrahim/IdeaProjects/SoftwareLoggingApp/target/classes started by abderrahim in /home/abderrahim/IdeaProjects/SoftwareLoggingApp)
2024-11-24 20:27:39 INFO  c.e.s.SoftwareLoggingAppApplication - Starting SoftwareLoggingAppApplication using Java 23.0.1 with PID 15035 (/home/abderrahim/IdeaProjects/SoftwareLoggingApp/target/classes started by abderrahim in /home/abderrahim/IdeaProjects/SoftwareLoggingApp)
2024-11-24 20:27:39 DEBUG c.e.s.SoftwareLoggingAppApplication - Running with Spring Boot v3.3.5, Spring v6.1.14
2024-11-24 20:27:39 DEBUG c.e.s.SoftwareLoggingAppApplication - Running with Spring Boot v3.3.5, Spring v6.1.14
2024-11-24 20:27:39 INFO  c.e.s.SoftwareLoggingAppApplication - No active profile set, falling back to 1 default profile: "default"
2024-11-24 20:27:39 INFO  c.e.s.SoftwareLoggingAppApplication - No active profile set, falling back to 1 default profile: "default"
2024-11-24 20:27:39 INFO  o.s.b.d.e.DevToolsPropertyDefaultsPostProcessor - Devtools property defaults active! Set 'spring.devtools.add-properties' to 'false' to disable
2024-11-24 20:27:39 INFO  o.s.b.d.e.DevToolsPropertyDefaultsPostProcessor - For additional web related logging consider setting the 'logging.level.web' property to 'DEBUG'
2024-11-24 20:27:39 INFO  o.s.d.r.c.RepositoryConfigurationDelegate - Bootstrapping Spring Data MongoDB repositories in DEFAULT mode.
2024-11-24 20:27:39 INFO  o.s.d.r.c.RepositoryConfigurationDelegate - Finished Spring Data repository scanning in 21 ms. Found 2 MongoDB repository interfaces.
2024-11-24 20:27:39 INFO  o.s.b.w.e.tomcat.TomcatWebServer - Tomcat initialized with port 8080 (http)
2024-11-24 20:27:39 INFO  o.a.coyote.http11.Http11NioProtocol - Initializing ProtocolHandler ["http-nio-8080"]
2024-11-24 20:27:39 INFO  o.a.catalina.core.StandardService - Starting service [Tomcat]
2024-11-24 20:27:39 INFO  o.a.catalina.core.StandardEngine - Starting Servlet engine: [Apache Tomcat/10.1.31]
2024-11-24 20:27:39 INFO  o.a.c.c.C.[Tomcat].[localhost].[/] - Initializing Spring embedded WebApplicationContext
2024-11-24 20:27:39 INFO  o.s.b.w.s.c.ServletWebServerApplicationContext - Root WebApplicationContext: initialization completed in 483 ms
2024-11-24 20:27:39 INFO  org.mongodb.driver.client - MongoClient with metadata {"driver": {"name": "mongo-java-driver|sync|spring-boot", "version": "5.0.1"}, "os": {"type": "Linux", "name": "Linux", "architecture": "amd64", "version": "6.8.0-49-generic"}, "platform": "Java/Oracle Corporation/23.0.1+11-39"} created with settings MongoClientSettings{readPreference=primary, writeConcern=WriteConcern{w=null, wTimeout=null ms, journal=null}, retryWrites=true, retryReads=true, readConcern=ReadConcern{level=null}, credential=null, transportSettings=null, commandListeners=[], codecRegistry=ProvidersCodecRegistry{codecProviders=[ValueCodecProvider{}, BsonValueCodecProvider{}, DBRefCodecProvider{}, DBObjectCodecProvider{}, DocumentCodecProvider{}, CollectionCodecProvider{}, IterableCodecProvider{}, MapCodecProvider{}, GeoJsonCodecProvider{}, GridFSFileCodecProvider{}, Jsr310CodecProvider{}, JsonObjectCodecProvider{}, BsonCodecProvider{}, EnumCodecProvider{}, com.mongodb.client.model.mql.ExpressionCodecProvider@59461d33, com.mongodb.Jep395RecordCodecProvider@41eb86f3, com.mongodb.KotlinCodecProvider@4f6c33cb]}, loggerSettings=LoggerSettings{maxDocumentLength=1000}, clusterSettings={hosts=[localhost:27017], srvServiceName=mongodb, mode=SINGLE, requiredClusterType=UNKNOWN, requiredReplicaSetName='null', serverSelector='null', clusterListeners='[]', serverSelectionTimeout='30000 ms', localThreshold='15 ms'}, socketSettings=SocketSettings{connectTimeoutMS=10000, readTimeoutMS=0, receiveBufferSize=0, proxySettings=ProxySettings{host=null, port=null, username=null, password=null}}, heartbeatSocketSettings=SocketSettings{connectTimeoutMS=10000, readTimeoutMS=10000, receiveBufferSize=0, proxySettings=ProxySettings{host=null, port=null, username=null, password=null}}, connectionPoolSettings=ConnectionPoolSettings{maxSize=100, minSize=0, maxWaitTimeMS=120000, maxConnectionLifeTimeMS=0, maxConnectionIdleTimeMS=0, maintenanceInitialDelayMS=0, maintenanceFrequencyMS=60000, connectionPoolListeners=[], maxConnecting=2}, serverSettings=ServerSettings{heartbeatFrequencyMS=10000, minHeartbeatFrequencyMS=500, serverListeners='[]', serverMonitorListeners='[]'}, sslSettings=SslSettings{enabled=false, invalidHostNameAllowed=false, context=null}, applicationName='null', compressorList=[], uuidRepresentation=JAVA_LEGACY, serverApi=null, autoEncryptionSettings=null, dnsClient=null, inetAddressResolver=null, contextProvider=null}
2024-11-24 20:27:39 INFO  org.mongodb.driver.cluster - Monitor thread successfully connected to server with description ServerDescription{address=localhost:27017, type=STANDALONE, state=CONNECTED, ok=true, minWireVersion=0, maxWireVersion=25, maxDocumentSize=16777216, logicalSessionTimeoutMinutes=30, roundTripTimeNanos=11222460}
2024-11-24 20:27:39 INFO  o.s.b.d.a.OptionalLiveReloadServer - LiveReload server is running on port 35729
2024-11-24 20:27:40 INFO  o.a.coyote.http11.Http11NioProtocol - Starting ProtocolHandler ["http-nio-8080"]
2024-11-24 20:27:40 INFO  o.s.b.w.e.tomcat.TomcatWebServer - Tomcat started on port 8080 (http) with context path '/'
2024-11-24 20:27:40 INFO  c.e.s.SoftwareLoggingAppApplication - Started SoftwareLoggingAppApplication in 1.094 seconds (process running for 1.415)
2024-11-24 20:27:40 INFO  c.e.s.SoftwareLoggingAppApplication - Started SoftwareLoggingAppApplication in 1.094 seconds (process running for 1.415)
2024-11-24 20:28:31 INFO  c.e.s.SoftwareLoggingAppApplication - Starting SoftwareLoggingAppApplication using Java 23.0.1 with PID 15391 (/home/abderrahim/IdeaProjects/SoftwareLoggingApp/target/classes started by abderrahim in /home/abderrahim/IdeaProjects/SoftwareLoggingApp)
2024-11-24 20:28:31 DEBUG c.e.s.SoftwareLoggingAppApplication - Running with Spring Boot v3.3.5, Spring v6.1.14
2024-11-24 20:28:31 INFO  c.e.s.SoftwareLoggingAppApplication - No active profile set, falling back to 1 default profile: "default"
2024-11-24 20:28:32 INFO  c.e.s.SoftwareLoggingAppApplication - Started SoftwareLoggingAppApplication in 1.09 seconds (process running for 1.498)
2024-11-24 20:28:58 INFO  c.e.s.SoftwareLoggingAppApplication - Starting SoftwareLoggingAppApplication using Java 23.0.1 with PID 15619 (/home/abderrahim/IdeaProjects/SoftwareLoggingApp/target/classes started by abderrahim in /home/abderrahim/IdeaProjects/SoftwareLoggingApp)
2024-11-24 20:28:58 DEBUG c.e.s.SoftwareLoggingAppApplication - Running with Spring Boot v3.3.5, Spring v6.1.14
2024-11-24 20:28:58 INFO  c.e.s.SoftwareLoggingAppApplication - No active profile set, falling back to 1 default profile: "default"
2024-11-24 20:28:59 INFO  c.e.s.SoftwareLoggingAppApplication - Started SoftwareLoggingAppApplication in 1.115 seconds (process running for 1.478)
2024-11-24 20:30:24 INFO  c.e.s.controller.UserController - Request to fetch all users.
2024-11-24 20:30:24 INFO  c.e.s.controller.UserController - Total users fetched: 5
2024-11-24 20:31:20 INFO  c.e.s.controller.ProductController - Request to fetch all products.
2024-11-24 20:31:20 INFO  c.e.s.controller.ProductController - Total products fetched: 12
2024-11-24 20:34:52 INFO  c.e.s.SoftwareLoggingAppApplication - Starting SoftwareLoggingAppApplication using Java 23.0.1 with PID 17797 (/home/abderrahim/IdeaProjects/SoftwareLoggingApp/target/classes started by abderrahim in /home/abderrahim/IdeaProjects/SoftwareLoggingApp)
2024-11-24 20:34:52 DEBUG c.e.s.SoftwareLoggingAppApplication - Running with Spring Boot v3.3.5, Spring v6.1.14
2024-11-24 20:34:52 INFO  c.e.s.SoftwareLoggingAppApplication - No active profile set, falling back to 1 default profile: "default"
2024-11-24 20:34:53 INFO  c.e.s.SoftwareLoggingAppApplication - Started SoftwareLoggingAppApplication in 1.101 seconds (process running for 1.397)
2024-11-24 20:34:53 INFO  c.example.softwareloggingapp.cli.CLI - CLI started...
2024-11-24 20:34:53 DEBUG c.example.softwareloggingapp.cli.CLI - Displaying CLI menu...
2024-11-24 20:34:56 INFO  c.example.softwareloggingapp.cli.CLI - User management menu accessed.
2024-11-24 20:35:13 INFO  c.example.softwareloggingapp.cli.CLI - Fetching all users...
2024-11-24 20:35:13 DEBUG c.example.softwareloggingapp.cli.CLI - Displaying CLI menu...
2024-11-24 20:35:48 INFO  c.e.s.SoftwareLoggingAppApplication - Starting SoftwareLoggingAppApplication using Java 23.0.1 with PID 18167 (/home/abderrahim/IdeaProjects/SoftwareLoggingApp/target/classes started by abderrahim in /home/abderrahim/IdeaProjects/SoftwareLoggingApp)
2024-11-24 20:35:48 DEBUG c.e.s.SoftwareLoggingAppApplication - Running with Spring Boot v3.3.5, Spring v6.1.14
2024-11-24 20:35:48 INFO  c.e.s.SoftwareLoggingAppApplication - No active profile set, falling back to 1 default profile: "default"
2024-11-24 20:35:49 INFO  c.e.s.SoftwareLoggingAppApplication - Started SoftwareLoggingAppApplication in 1.112 seconds (process running for 1.409)
2024-11-24 20:38:08 INFO  c.e.s.SoftwareLoggingAppApplication - Starting SoftwareLoggingAppApplication using Java 23.0.1 with PID 19023 (/home/abderrahim/IdeaProjects/SoftwareLoggingApp/target/classes started by abderrahim in /home/abderrahim/IdeaProjects/SoftwareLoggingApp)
2024-11-24 20:38:08 DEBUG c.e.s.SoftwareLoggingAppApplication - Running with Spring Boot v3.3.5, Spring v6.1.14
2024-11-24 20:38:08 INFO  c.e.s.SoftwareLoggingAppApplication - No active profile set, falling back to 1 default profile: "default"
2024-11-24 20:38:09 INFO  c.e.s.SoftwareLoggingAppApplication - Started SoftwareLoggingAppApplication in 1.11 seconds (process running for 1.4)
2024-11-24 20:38:09 INFO  c.example.softwareloggingapp.cli.CLI - === Welcome to the Backend CLI ===
2024-11-24 20:38:09 INFO  c.example.softwareloggingapp.cli.CLI - 
Main Menu:
2024-11-24 20:38:09 INFO  c.example.softwareloggingapp.cli.CLI - 1. Manage Users
2024-11-24 20:38:09 INFO  c.example.softwareloggingapp.cli.CLI - 2. Manage Products
2024-11-24 20:38:09 INFO  c.example.softwareloggingapp.cli.CLI - 0. Exit
2024-11-24 20:41:52 INFO  c.e.s.SoftwareLoggingAppApplication - Starting SoftwareLoggingAppApplication using Java 23.0.1 with PID 20161 (/home/abderrahim/IdeaProjects/SoftwareLoggingApp/target/classes started by abderrahim in /home/abderrahim/IdeaProjects/SoftwareLoggingApp)
2024-11-24 20:41:52 DEBUG c.e.s.SoftwareLoggingAppApplication - Running with Spring Boot v3.3.5, Spring v6.1.14
2024-11-24 20:41:52 INFO  c.e.s.SoftwareLoggingAppApplication - No active profile set, falling back to 1 default profile: "default"
2024-11-24 20:41:53 INFO  c.e.s.SoftwareLoggingAppApplication - Started SoftwareLoggingAppApplication in 1.113 seconds (process running for 1.386)
2024-11-24 20:41:58 INFO  c.example.softwareloggingapp.cli.CLI - Fetching all users...
2024-11-24 20:42:15 INFO  c.example.softwareloggingapp.cli.CLI - Fetching all products...
2024-11-24 20:45:14 INFO  c.e.s.SoftwareLoggingAppApplication - Starting SoftwareLoggingAppApplication using Java 23.0.1 with PID 21234 (/home/abderrahim/IdeaProjects/SoftwareLoggingApp/target/classes started by abderrahim in /home/abderrahim/IdeaProjects/SoftwareLoggingApp)
2024-11-24 20:45:14 DEBUG c.e.s.SoftwareLoggingAppApplication - Running with Spring Boot v3.3.5, Spring v6.1.14
2024-11-24 20:45:14 INFO  c.e.s.SoftwareLoggingAppApplication - No active profile set, falling back to 1 default profile: "default"
2024-11-24 20:45:14 INFO  c.e.s.SoftwareLoggingAppApplication - Started SoftwareLoggingAppApplication in 1.047 seconds (process running for 1.365)
2024-11-24 20:45:19 INFO  c.example.softwareloggingapp.cli.CLI - Fetching all users...
2024-11-24 20:45:29 INFO  c.example.softwareloggingapp.cli.CLI - Fetching all products...
2024-11-24 20:45:54 INFO  c.example.softwareloggingapp.cli.CLI - Fetching product with ID: 2
2024-11-24 20:47:55 INFO  c.example.softwareloggingapp.cli.CLI - Product added successfully: Product(id=11, name=apple tv, price=1500.0, expirationDate=2026-11-15)
2024-11-24 20:48:14 INFO  c.example.softwareloggingapp.cli.CLI - Fetching all products...
2024-11-24 20:51:47 INFO  c.e.s.SoftwareLoggingAppApplication - Starting SoftwareLoggingAppApplication using Java 23.0.1 with PID 22758 (/home/abderrahim/IdeaProjects/SoftwareLoggingApp/target/classes started by abderrahim in /home/abderrahim/IdeaProjects/SoftwareLoggingApp)
2024-11-24 20:51:47 DEBUG c.e.s.SoftwareLoggingAppApplication - Running with Spring Boot v3.3.5, Spring v6.1.14
2024-11-24 20:51:47 INFO  c.e.s.SoftwareLoggingAppApplication - No active profile set, falling back to 1 default profile: "default"
2024-11-24 20:51:48 INFO  c.e.s.SoftwareLoggingAppApplication - Started SoftwareLoggingAppApplication in 1.099 seconds (process running for 1.45)
2024-11-24 20:52:26 INFO  c.example.softwareloggingapp.cli.CLI - Fetching all users...
2024-11-24 20:53:03 INFO  c.example.softwareloggingapp.cli.CLI - Fetching product with ID: 12
2024-11-24 20:53:55 INFO  c.example.softwareloggingapp.cli.CLI - Product added successfully: Product(id=12, name=test, price=150.0, expirationDate=2025-11-19)
2024-11-24 20:54:35 INFO  c.example.softwareloggingapp.cli.CLI - Fetching all products...
2024-11-24 20:55:04 INFO  c.example.softwareloggingapp.cli.CLI - Product updated successfully: Product(id=12, name=apple home, price=11000.0, expirationDate=2030-11-15)
2024-11-24 20:55:20 INFO  c.example.softwareloggingapp.cli.CLI - Product with ID 12 deleted successfully.
2024-11-24 20:55:57 INFO  c.example.softwareloggingapp.cli.CLI - Fetching all users...
2024-11-24 20:56:16 INFO  c.e.s.SoftwareLoggingAppApplication - Starting SoftwareLoggingAppApplication using Java 23.0.1 with PID 24073 (/home/abderrahim/IdeaProjects/SoftwareLoggingApp/target/classes started by abderrahim in /home/abderrahim/IdeaProjects/SoftwareLoggingApp)
2024-11-24 20:56:16 DEBUG c.e.s.SoftwareLoggingAppApplication - Running with Spring Boot v3.3.5, Spring v6.1.14
2024-11-24 20:56:16 INFO  c.e.s.SoftwareLoggingAppApplication - No active profile set, falling back to 1 default profile: "default"
2024-11-24 20:56:17 INFO  c.e.s.SoftwareLoggingAppApplication - Started SoftwareLoggingAppApplication in 1.079 seconds (process running for 1.441)
2024-11-24 20:58:35 INFO  c.e.s.SoftwareLoggingAppApplication - Starting SoftwareLoggingAppApplication using Java 23.0.1 with PID 24882 (/home/abderrahim/IdeaProjects/SoftwareLoggingApp/target/classes started by abderrahim in /home/abderrahim/IdeaProjects/SoftwareLoggingApp)
2024-11-24 20:58:35 DEBUG c.e.s.SoftwareLoggingAppApplication - Running with Spring Boot v3.3.5, Spring v6.1.14
2024-11-24 20:58:35 INFO  c.e.s.SoftwareLoggingAppApplication - No active profile set, falling back to 1 default profile: "default"
2024-11-24 20:58:35 INFO  c.e.s.SoftwareLoggingAppApplication - Started SoftwareLoggingAppApplication in 1.086 seconds (process running for 1.398)
2024-11-24 20:59:00 INFO  c.example.softwareloggingapp.cli.CLI - User added successfully: User(id=674385848bab457f8b9e13d6, name=wassim, age=17, email=wassim@gmail.com, password=111)
2024-11-24 21:03:15 INFO  c.e.s.SoftwareLoggingAppApplication - Starting SoftwareLoggingAppApplication using Java 23.0.1 with PID 26349 (/home/abderrahim/IdeaProjects/SoftwareLoggingApp/target/classes started by abderrahim in /home/abderrahim/IdeaProjects/SoftwareLoggingApp)
2024-11-24 21:03:15 DEBUG c.e.s.SoftwareLoggingAppApplication - Running with Spring Boot v3.3.5, Spring v6.1.14
2024-11-24 21:03:15 INFO  c.e.s.SoftwareLoggingAppApplication - No active profile set, falling back to 1 default profile: "default"
2024-11-24 21:03:16 INFO  c.e.s.SoftwareLoggingAppApplication - Started SoftwareLoggingAppApplication in 1.056 seconds (process running for 1.361)
2024-11-24 21:03:21 INFO  c.example.softwareloggingapp.cli.CLI - Request to create user:
2024-11-24 21:03:38 INFO  c.example.softwareloggingapp.cli.CLI - User added successfully: User(id=6743869a9f80866d163b7e40, name=test2, age=44, email=test2@gmail.com, password=147)
2024-11-24 21:03:54 INFO  c.example.softwareloggingapp.cli.CLI - Fetching all users...
2024-11-24 21:04:08 INFO  c.example.softwareloggingapp.cli.CLI - Fetching all products...
2024-11-24 21:04:24 INFO  c.example.softwareloggingapp.cli.CLI - Fetching product with ID: 9
2024-11-24 21:04:42 INFO  c.example.softwareloggingapp.cli.CLI - Request to add a product
2024-11-24 21:04:58 INFO  c.example.softwareloggingapp.cli.CLI - Product added successfully: Product(id=12, name=test, price=14.0, expirationDate=2025-11-14)
2024-11-24 21:05:12 INFO  c.example.softwareloggingapp.cli.CLI - Request to update a product
2024-11-24 21:06:08 INFO  c.e.s.SoftwareLoggingAppApplication - Starting SoftwareLoggingAppApplication using Java 23.0.1 with PID 27234 (/home/abderrahim/IdeaProjects/SoftwareLoggingApp/target/classes started by abderrahim in /home/abderrahim/IdeaProjects/SoftwareLoggingApp)
2024-11-24 21:06:08 DEBUG c.e.s.SoftwareLoggingAppApplication - Running with Spring Boot v3.3.5, Spring v6.1.14
2024-11-24 21:06:08 INFO  c.e.s.SoftwareLoggingAppApplication - No active profile set, falling back to 1 default profile: "default"
2024-11-24 21:06:09 INFO  c.e.s.SoftwareLoggingAppApplication - Started SoftwareLoggingAppApplication in 1.116 seconds (process running for 1.437)
2024-11-24 21:06:15 INFO  c.example.softwareloggingapp.cli.CLI - Request to update a product
2024-11-24 21:06:31 INFO  c.example.softwareloggingapp.cli.CLI - Product updated successfully: Product(id=12, name=tt, price=14.0, expirationDate=2025-02-15)
2024-11-24 21:06:45 INFO  c.example.softwareloggingapp.cli.CLI - Fetching all products...
2024-11-24 21:07:03 INFO  c.example.softwareloggingapp.cli.CLI - Request to delete a product
2024-11-24 21:07:12 INFO  c.example.softwareloggingapp.cli.CLI - Product with ID 12 deleted successfully.
